# JRE version: OpenJDK Runtime Environment Temurin-21.0.8+9 (21.0.8+9) (build 21.0.8+9-LTS)
# Java VM: OpenJDK 64-Bit Server VM Temurin-21.0.8+9 (21.0.8+9-LTS, mixed mode, sharing, tiered, compressed oops, compressed class ptrs, parallel gc, windows-amd64)
GC Precious Log:
 CardTable entry size: 512
 CPUs: 8 total, 8 available
 Memory: 7834M
 Large Page Support: Disabled
 NUMA Support: Disabled
 Compressed Oops: Enabled (32-bit)
 Alignments: Space 512K, Generation 512K, Heap 2M
 Heap Min Capacity: 100M
 Heap Initial Capacity: 100M
 Heap Max Capacity: 2G
 Pre-touch: Disabled
 Parallel Workers: 8
Heap:
 PSYoungGen      total 5120K, used 993K [0x00000000d5580000, 0x00000000d5b80000, 0x0000000100000000)
  eden space 4096K, 0% used [0x00000000d5580000,0x00000000d5580000,0x00000000d5980000)
  from space 1024K, 96% used [0x00000000d5980000,0x00000000d5a784b8,0x00000000d5a80000)
  to   space 1024K, 0% used [0x00000000d5a80000,0x00000000d5a80000,0x00000000d5b80000)
 ParOldGen       total 256000K, used 255935K [0x0000000080000000, 0x000000008fa00000, 0x00000000d5580000)
  object space 256000K, 99% used [0x0000000080000000,0x000000008f9effc8,0x000000008fa00000)
 Metaspace       used 67384K, committed 68864K, reserved 1114112K
  class space    used 8450K, committed 9152K, reserved 1048576K
GC Heap History (20 events):
Event: 32.413 GC heap after
{Heap after GC invocations=228 (full 3):
 PSYoungGen      total 4096K, used 1019K [0x00000000d5580000, 0x00000000d5c80000, 0x0000000100000000)
  eden space 3072K, 0% used [0x00000000d5580000,0x00000000d5580000,0x00000000d5880000)
  from space 1024K, 99% used [0x00000000d5880000,0x00000000d597ee50,0x00000000d5980000)
  to   space 2048K, 0% used [0x00000000d5a80000,0x00000000d5a80000,0x00000000d5c80000)
 ParOldGen       total 247808K, used 247706K [0x0000000080000000, 0x000000008f200000, 0x00000000d5580000)
  object space 247808K, 99% used [0x0000000080000000,0x000000008f1e6b00,0x000000008f200000)
 Metaspace       used 67312K, committed 68800K, reserved 1114112K
  class space    used 8443K, committed 9152K, reserved 1048576K
}
Event: 32.432 GC heap before
{Heap before GC invocations=229 (full 3):
 PSYoungGen      total 4096K, used 4091K [0x00000000d5580000, 0x00000000d5c80000, 0x0000000100000000)
  eden space 3072K, 100% used [0x00000000d5580000,0x00000000d5880000,0x00000000d5880000)
  from space 1024K, 99% used [0x00000000d5880000,0x00000000d597ee50,0x00000000d5980000)
  to   space 2048K, 0% used [0x00000000d5a80000,0x00000000d5a80000,0x00000000d5c80000)
 ParOldGen       total 247808K, used 247706K [0x0000000080000000, 0x000000008f200000, 0x00000000d5580000)
  object space 247808K, 99% used [0x0000000080000000,0x000000008f1e6b00,0x000000008f200000)
 Metaspace       used 67354K, committed 68800K, reserved 1114112K
  class space    used 8449K, committed 9152K, reserved 1048576K
}
Event: 32.434 GC heap after
{Heap after GC invocations=229 (full 3):
 PSYoungGen      total 4096K, used 708K [0x00000000d5580000, 0x00000000d5b80000, 0x0000000100000000)
  eden space 3072K, 0% used [0x00000000d5580000,0x00000000d5580000,0x00000000d5880000)
  from space 1024K, 69% used [0x00000000d5a80000,0x00000000d5b31048,0x00000000d5b80000)
  to   space 1536K, 0% used [0x00000000d5880000,0x00000000d5880000,0x00000000d5a00000)
 ParOldGen       total 248320K, used 248056K [0x0000000080000000, 0x000000008f280000, 0x00000000d5580000)
  object space 248320K, 99% used [0x0000000080000000,0x000000008f23e088,0x000000008f280000)
 Metaspace       used 67354K, committed 68800K, reserved 1114112K
  class space    used 8449K, committed 9152K, reserved 1048576K
}
Event: 32.461 GC heap before
{Heap before GC invocations=230 (full 3):
 PSYoungGen      total 4096K, used 3780K [0x00000000d5580000, 0x00000000d5b80000, 0x0000000100000000)
  eden space 3072K, 100% used [0x00000000d5580000,0x00000000d5880000,0x00000000d5880000)
  from space 1024K, 69% used [0x00000000d5a80000,0x00000000d5b31048,0x00000000d5b80000)
  to   space 1536K, 0% used [0x00000000d5880000,0x00000000d5880000,0x00000000d5a00000)
 ParOldGen       total 248320K, used 248056K [0x0000000080000000, 0x000000008f280000, 0x00000000d5580000)
  object space 248320K, 99% used [0x0000000080000000,0x000000008f23e088,0x000000008f280000)
 Metaspace       used 67378K, committed 68864K, reserved 1114112K
  class space    used 8450K, committed 9152K, reserved 1048576K
}
Event: 32.463 GC heap after
{Heap after GC invocations=230 (full 3):
 PSYoungGen      total 4608K, used 867K [0x00000000d5580000, 0x00000000d5b00000, 0x0000000100000000)
  eden space 3072K, 0% used [0x00000000d5580000,0x00000000d5580000,0x00000000d5880000)
  from space 1536K, 56% used [0x00000000d5880000,0x00000000d5958f20,0x00000000d5a00000)
  to   space 1024K, 0% used [0x00000000d5a00000,0x00000000d5a00000,0x00000000d5b00000)
 ParOldGen       total 248832K, used 248555K [0x0000000080000000, 0x000000008f300000, 0x00000000d5580000)
  object space 248832K, 99% used [0x0000000080000000,0x000000008f2baf98,0x000000008f300000)
 Metaspace       used 67378K, committed 68864K, reserved 1114112K
  class space    used 8450K, committed 9152K, reserved 1048576K
}
Event: 32.479 GC heap before
{Heap before GC invocations=231 (full 3):
 PSYoungGen      total 4608K, used 3939K [0x00000000d5580000, 0x00000000d5b00000, 0x0000000100000000)
  eden space 3072K, 100% used [0x00000000d5580000,0x00000000d5880000,0x00000000d5880000)
  from space 1536K, 56% used [0x00000000d5880000,0x00000000d5958f20,0x00000000d5a00000)
  to   space 1024K, 0% used [0x00000000d5a00000,0x00000000d5a00000,0x00000000d5b00000)
 ParOldGen       total 248832K, used 248555K [0x0000000080000000, 0x000000008f300000, 0x00000000d5580000)
  object space 248832K, 99% used [0x0000000080000000,0x000000008f2baf98,0x000000008f300000)
 Metaspace       used 67378K, committed 68864K, reserved 1114112K
  class space    used 8450K, committed 9152K, reserved 1048576K
}
Event: 32.481 GC heap after
{Heap after GC invocations=231 (full 3):
 PSYoungGen      total 4096K, used 896K [0x00000000d5580000, 0x00000000d5b00000, 0x0000000100000000)
  eden space 3072K, 0% used [0x00000000d5580000,0x00000000d5580000,0x00000000d5880000)
  from space 1024K, 87% used [0x00000000d5a00000,0x00000000d5ae0000,0x00000000d5b00000)
  to   space 1024K, 0% used [0x00000000d5900000,0x00000000d5900000,0x00000000d5a00000)
 ParOldGen       total 249344K, used 249309K [0x0000000080000000, 0x000000008f380000, 0x00000000d5580000)
  object space 249344K, 99% used [0x0000000080000000,0x000000008f377430,0x000000008f380000)
 Metaspace       used 67378K, committed 68864K, reserved 1114112K
  class space    used 8450K, committed 9152K, reserved 1048576K
}
Event: 32.496 GC heap before
{Heap before GC invocations=232 (full 3):
 PSYoungGen      total 4096K, used 3968K [0x00000000d5580000, 0x00000000d5b00000, 0x0000000100000000)
  eden space 3072K, 100% used [0x00000000d5580000,0x00000000d5880000,0x00000000d5880000)
  from space 1024K, 87% used [0x00000000d5a00000,0x00000000d5ae0000,0x00000000d5b00000)
  to   space 1024K, 0% used [0x00000000d5900000,0x00000000d5900000,0x00000000d5a00000)
 ParOldGen       total 249344K, used 249309K [0x0000000080000000, 0x000000008f380000, 0x00000000d5580000)
  object space 249344K, 99% used [0x0000000080000000,0x000000008f377430,0x000000008f380000)
 Metaspace       used 67381K, committed 68864K, reserved 1114112K
  class space    used 8450K, committed 9152K, reserved 1048576K
}
Event: 32.498 GC heap after
{Heap after GC invocations=232 (full 3):
 PSYoungGen      total 4096K, used 768K [0x00000000d5580000, 0x00000000d5a80000, 0x0000000100000000)
  eden space 3072K, 0% used [0x00000000d5580000,0x00000000d5580000,0x00000000d5880000)
  from space 1024K, 75% used [0x00000000d5900000,0x00000000d59c0000,0x00000000d5a00000)
  to   space 512K, 0% used [0x00000000d5a00000,0x00000000d5a00000,0x00000000d5a80000)
 ParOldGen       total 250368K, used 250026K [0x0000000080000000, 0x000000008f480000, 0x00000000d5580000)
  object space 250368K, 99% used [0x0000000080000000,0x000000008f42ab28,0x000000008f480000)
 Metaspace       used 67381K, committed 68864K, reserved 1114112K
  class space    used 8450K, committed 9152K, reserved 1048576K
}
Event: 32.516 GC heap before
{Heap before GC invocations=233 (full 3):
 PSYoungGen      total 4096K, used 3840K [0x00000000d5580000, 0x00000000d5a80000, 0x0000000100000000)
  eden space 3072K, 100% used [0x00000000d5580000,0x00000000d5880000,0x00000000d5880000)
  from space 1024K, 75% used [0x00000000d5900000,0x00000000d59c0000,0x00000000d5a00000)
  to   space 512K, 0% used [0x00000000d5a00000,0x00000000d5a00000,0x00000000d5a80000)
 ParOldGen       total 250368K, used 250026K [0x0000000080000000, 0x000000008f480000, 0x00000000d5580000)
  object space 250368K, 99% used [0x0000000080000000,0x000000008f42ab28,0x000000008f480000)
 Metaspace       used 67381K, committed 68864K, reserved 1114112K
  class space    used 8450K, committed 9152K, reserved 1048576K
}
Event: 32.518 GC heap after
{Heap after GC invocations=233 (full 3):
 PSYoungGen      total 3584K, used 512K [0x00000000d5580000, 0x00000000d5b80000, 0x0000000100000000)
  eden space 3072K, 0% used [0x00000000d5580000,0x00000000d5580000,0x00000000d5880000)
  from space 512K, 100% used [0x00000000d5a00000,0x00000000d5a80000,0x00000000d5a80000)
  to   space 1536K, 0% used [0x00000000d5880000,0x00000000d5880000,0x00000000d5a00000)
 ParOldGen       total 251392K, used 250905K [0x0000000080000000, 0x000000008f580000, 0x00000000d5580000)
  object space 251392K, 99% used [0x0000000080000000,0x000000008f5066f8,0x000000008f580000)
 Metaspace       used 67381K, committed 68864K, reserved 1114112K
  class space    used 8450K, committed 9152K, reserved 1048576K
}
Event: 32.542 GC heap before
{Heap before GC invocations=234 (full 3):
 PSYoungGen      total 3584K, used 3584K [0x00000000d5580000, 0x00000000d5b80000, 0x0000000100000000)
  eden space 3072K, 100% used [0x00000000d5580000,0x00000000d5880000,0x00000000d5880000)
  from space 512K, 100% used [0x00000000d5a00000,0x00000000d5a80000,0x00000000d5a80000)
  to   space 1536K, 0% used [0x00000000d5880000,0x00000000d5880000,0x00000000d5a00000)
 ParOldGen       total 251392K, used 250905K [0x0000000080000000, 0x000000008f580000, 0x00000000d5580000)
  object space 251392K, 99% used [0x0000000080000000,0x000000008f5066f8,0x000000008f580000)
 Metaspace       used 67381K, committed 68864K, reserved 1114112K
  class space    used 8450K, committed 9152K, reserved 1048576K
}
Event: 32.544 GC heap after
{Heap after GC invocations=234 (full 3):
 PSYoungGen      total 4096K, used 804K [0x00000000d5580000, 0x00000000d5a80000, 0x0000000100000000)
  eden space 3072K, 0% used [0x00000000d5580000,0x00000000d5580000,0x00000000d5880000)
  from space 1024K, 78% used [0x00000000d5880000,0x00000000d5949218,0x00000000d5980000)
  to   space 1024K, 0% used [0x00000000d5980000,0x00000000d5980000,0x00000000d5a80000)
 ParOldGen       total 251904K, used 251420K [0x0000000080000000, 0x000000008f600000, 0x00000000d5580000)
  object space 251904K, 99% used [0x0000000080000000,0x000000008f587248,0x000000008f600000)
 Metaspace       used 67381K, committed 68864K, reserved 1114112K
  class space    used 8450K, committed 9152K, reserved 1048576K
}
Event: 32.570 GC heap before
{Heap before GC invocations=235 (full 3):
 PSYoungGen      total 4096K, used 3876K [0x00000000d5580000, 0x00000000d5a80000, 0x0000000100000000)
  eden space 3072K, 100% used [0x00000000d5580000,0x00000000d5880000,0x00000000d5880000)
  from space 1024K, 78% used [0x00000000d5880000,0x00000000d5949218,0x00000000d5980000)
  to   space 1024K, 0% used [0x00000000d5980000,0x00000000d5980000,0x00000000d5a80000)
 ParOldGen       total 251904K, used 251420K [0x0000000080000000, 0x000000008f600000, 0x00000000d5580000)
  object space 251904K, 99% used [0x0000000080000000,0x000000008f587248,0x000000008f600000)
 Metaspace       used 67381K, committed 68864K, reserved 1114112K
  class space    used 8450K, committed 9152K, reserved 1048576K
}
Event: 32.572 GC heap after
{Heap after GC invocations=235 (full 3):
 PSYoungGen      total 4096K, used 874K [0x00000000d5580000, 0x00000000d5a80000, 0x0000000100000000)
  eden space 3072K, 0% used [0x00000000d5580000,0x00000000d5580000,0x00000000d5880000)
  from space 1024K, 85% used [0x00000000d5980000,0x00000000d5a5aab8,0x00000000d5a80000)
  to   space 1024K, 0% used [0x00000000d5880000,0x00000000d5880000,0x00000000d5980000)
 ParOldGen       total 252416K, used 252134K [0x0000000080000000, 0x000000008f680000, 0x00000000d5580000)
  object space 252416K, 99% used [0x0000000080000000,0x000000008f639a18,0x000000008f680000)
 Metaspace       used 67381K, committed 68864K, reserved 1114112K
  class space    used 8450K, committed 9152K, reserved 1048576K
}
Event: 32.591 GC heap before
{Heap before GC invocations=236 (full 3):
 PSYoungGen      total 4096K, used 3946K [0x00000000d5580000, 0x00000000d5a80000, 0x0000000100000000)
  eden space 3072K, 100% used [0x00000000d5580000,0x00000000d5880000,0x00000000d5880000)
  from space 1024K, 85% used [0x00000000d5980000,0x00000000d5a5aab8,0x00000000d5a80000)
  to   space 1024K, 0% used [0x00000000d5880000,0x00000000d5880000,0x00000000d5980000)
 ParOldGen       total 252416K, used 252134K [0x0000000080000000, 0x000000008f680000, 0x00000000d5580000)
  object space 252416K, 99% used [0x0000000080000000,0x000000008f639a18,0x000000008f680000)
 Metaspace       used 67381K, committed 68864K, reserved 1114112K
  class space    used 8450K, committed 9152K, reserved 1048576K
}
Event: 32.594 GC heap after
{Heap after GC invocations=236 (full 3):
 PSYoungGen      total 4096K, used 868K [0x00000000d5580000, 0x00000000d5a80000, 0x0000000100000000)
  eden space 3072K, 0% used [0x00000000d5580000,0x00000000d5580000,0x00000000d5880000)
  from space 1024K, 84% used [0x00000000d5880000,0x00000000d5959330,0x00000000d5980000)
  to   space 1024K, 0% used [0x00000000d5980000,0x00000000d5980000,0x00000000d5a80000)
 ParOldGen       total 252928K, used 252882K [0x0000000080000000, 0x000000008f700000, 0x00000000d5580000)
  object space 252928K, 99% used [0x0000000080000000,0x000000008f6f4928,0x000000008f700000)
 Metaspace       used 67381K, committed 68864K, reserved 1114112K
  class space    used 8450K, committed 9152K, reserved 1048576K
}
Event: 32.616 GC heap before
{Heap before GC invocations=237 (full 3):
 PSYoungGen      total 4096K, used 3940K [0x00000000d5580000, 0x00000000d5a80000, 0x0000000100000000)
  eden space 3072K, 100% used [0x00000000d5580000,0x00000000d5880000,0x00000000d5880000)
  from space 1024K, 84% used [0x00000000d5880000,0x00000000d5959330,0x00000000d5980000)
  to   space 1024K, 0% used [0x00000000d5980000,0x00000000d5980000,0x00000000d5a80000)
 ParOldGen       total 252928K, used 252882K [0x0000000080000000, 0x000000008f700000, 0x00000000d5580000)
  object space 252928K, 99% used [0x0000000080000000,0x000000008f6f4928,0x000000008f700000)
 Metaspace       used 67381K, committed 68864K, reserved 1114112K
  class space    used 8450K, committed 9152K, reserved 1048576K
}
Event: 32.618 GC heap after
{Heap after GC invocations=237 (full 3):
 PSYoungGen      total 4096K, used 864K [0x00000000d5580000, 0x00000000d5a80000, 0x0000000100000000)
  eden space 3072K, 0% used [0x00000000d5580000,0x00000000d5580000,0x00000000d5880000)
  from space 1024K, 84% used [0x00000000d5980000,0x00000000d5a580a8,0x00000000d5a80000)
  to   space 1024K, 0% used [0x00000000d5880000,0x00000000d5880000,0x00000000d5980000)
 ParOldGen       total 253952K, used 253614K [0x0000000080000000, 0x000000008f800000, 0x00000000d5580000)
  object space 253952K, 99% used [0x0000000080000000,0x000000008f7abb80,0x000000008f800000)
 Metaspace       used 67381K, committed 68864K, reserved 1114112K
  class space    used 8450K, committed 9152K, reserved 1048576K
}
Event: 32.632 GC heap before
{Heap before GC invocations=238 (full 3):
 PSYoungGen      total 4096K, used 3936K [0x00000000d5580000, 0x00000000d5a80000, 0x0000000100000000)
  eden space 3072K, 100% used [0x00000000d5580000,0x00000000d5880000,0x00000000d5880000)
  from space 1024K, 84% used [0x00000000d5980000,0x00000000d5a580a8,0x00000000d5a80000)
  to   space 1024K, 0% used [0x00000000d5880000,0x00000000d5880000,0x00000000d5980000)
 ParOldGen       total 253952K, used 253614K [0x0000000080000000, 0x000000008f800000, 0x00000000d5580000)
  object space 253952K, 99% used [0x0000000080000000,0x000000008f7abb80,0x000000008f800000)
 Metaspace       used 67381K, committed 68864K, reserved 1114112K
  class space    used 8450K, committed 9152K, reserved 1048576K
}

