# JRE version: OpenJDK Runtime Environment Temurin-21.0.8+9 (21.0.8+9) (build 21.0.8+9-LTS)
# Java VM: OpenJDK 64-Bit Server VM Temurin-21.0.8+9 (21.0.8+9-LTS, mixed mode, sharing, tiered, compressed oops, compressed class ptrs, parallel gc, windows-amd64)
GC Precious Log:
 CardTable entry size: 512
 CPUs: 8 total, 8 available
 Memory: 7834M
 Large Page Support: Disabled
 NUMA Support: Disabled
 Compressed Oops: Enabled (32-bit)
 Alignments: Space 512K, Generation 512K, Heap 2M
 Heap Min Capacity: 100M
 Heap Initial Capacity: 100M
 Heap Max Capacity: 2G
 Pre-touch: Disabled
 Parallel Workers: 8
Heap:
 PSYoungGen      total 6144K, used 6079K [0x00000000d5580000, 0x00000000d6000000, 0x0000000100000000)
  eden space 4096K, 99% used [0x00000000d5580000,0x00000000d597fff8,0x00000000d5980000)
  from space 2048K, 96% used [0x00000000d5e00000,0x00000000d5ff0000,0x00000000d6000000)
  to   space 2560K, 98% used [0x00000000d5b00000,0x00000000d5d78020,0x00000000d5d80000)
 ParOldGen       total 87552K, used 87314K [0x0000000080000000, 0x0000000085580000, 0x00000000d5580000)
  object space 87552K, 99% used [0x0000000080000000,0x000000008554eb80,0x0000000085580000)
 Metaspace       used 70165K, committed 71552K, reserved 1114112K
  class space    used 8076K, committed 8640K, reserved 1048576K
GC Heap History (20 events):
Event: 17.085 GC heap after
{Heap after GC invocations=77 (full 3):
 PSYoungGen      total 7680K, used 192K [0x00000000d5580000, 0x00000000d6280000, 0x0000000100000000)
  eden space 7168K, 0% used [0x00000000d5580000,0x00000000d5580000,0x00000000d5c80000)
  from space 512K, 37% used [0x00000000d6200000,0x00000000d6230000,0x00000000d6280000)
  to   space 512K, 0% used [0x00000000d6180000,0x00000000d6180000,0x00000000d6200000)
 ParOldGen       total 68608K, used 65271K [0x0000000080000000, 0x0000000084300000, 0x00000000d5580000)
  object space 68608K, 95% used [0x0000000080000000,0x0000000083fbdc10,0x0000000084300000)
 Metaspace       used 69237K, committed 70528K, reserved 1114112K
  class space    used 7988K, committed 8512K, reserved 1048576K
}
Event: 17.156 GC heap before
{Heap before GC invocations=78 (full 3):
 PSYoungGen      total 7680K, used 7343K [0x00000000d5580000, 0x00000000d6280000, 0x0000000100000000)
  eden space 7168K, 99% used [0x00000000d5580000,0x00000000d5c7be98,0x00000000d5c80000)
  from space 512K, 37% used [0x00000000d6200000,0x00000000d6230000,0x00000000d6280000)
  to   space 512K, 0% used [0x00000000d6180000,0x00000000d6180000,0x00000000d6200000)
 ParOldGen       total 68608K, used 65271K [0x0000000080000000, 0x0000000084300000, 0x00000000d5580000)
  object space 68608K, 95% used [0x0000000080000000,0x0000000083fbdc10,0x0000000084300000)
 Metaspace       used 69340K, committed 70656K, reserved 1114112K
  class space    used 7994K, committed 8512K, reserved 1048576K
}
Event: 17.157 GC heap after
{Heap after GC invocations=78 (full 3):
 PSYoungGen      total 7680K, used 224K [0x00000000d5580000, 0x00000000d6280000, 0x0000000100000000)
  eden space 7168K, 0% used [0x00000000d5580000,0x00000000d5580000,0x00000000d5c80000)
  from space 512K, 43% used [0x00000000d6180000,0x00000000d61b8000,0x00000000d6200000)
  to   space 512K, 0% used [0x00000000d6200000,0x00000000d6200000,0x00000000d6280000)
 ParOldGen       total 68608K, used 65344K [0x0000000080000000, 0x0000000084300000, 0x00000000d5580000)
  object space 68608K, 95% used [0x0000000080000000,0x0000000083fd0328,0x0000000084300000)
 Metaspace       used 69340K, committed 70656K, reserved 1114112K
  class space    used 7994K, committed 8512K, reserved 1048576K
}
Event: 17.267 GC heap before
{Heap before GC invocations=79 (full 3):
 PSYoungGen      total 7680K, used 7391K [0x00000000d5580000, 0x00000000d6280000, 0x0000000100000000)
  eden space 7168K, 99% used [0x00000000d5580000,0x00000000d5c7fdf0,0x00000000d5c80000)
  from space 512K, 43% used [0x00000000d6180000,0x00000000d61b8000,0x00000000d6200000)
  to   space 512K, 0% used [0x00000000d6200000,0x00000000d6200000,0x00000000d6280000)
 ParOldGen       total 68608K, used 65344K [0x0000000080000000, 0x0000000084300000, 0x00000000d5580000)
  object space 68608K, 95% used [0x0000000080000000,0x0000000083fd0328,0x0000000084300000)
 Metaspace       used 69741K, committed 71168K, reserved 1114112K
  class space    used 8044K, committed 8640K, reserved 1048576K
}
Event: 17.268 GC heap after
{Heap after GC invocations=79 (full 3):
 PSYoungGen      total 7680K, used 448K [0x00000000d5580000, 0x00000000d6280000, 0x0000000100000000)
  eden space 7168K, 0% used [0x00000000d5580000,0x00000000d5580000,0x00000000d5c80000)
  from space 512K, 87% used [0x00000000d6200000,0x00000000d6270020,0x00000000d6280000)
  to   space 512K, 0% used [0x00000000d6180000,0x00000000d6180000,0x00000000d6200000)
 ParOldGen       total 68608K, used 65392K [0x0000000080000000, 0x0000000084300000, 0x00000000d5580000)
  object space 68608K, 95% used [0x0000000080000000,0x0000000083fdc328,0x0000000084300000)
 Metaspace       used 69741K, committed 71168K, reserved 1114112K
  class space    used 8044K, committed 8640K, reserved 1048576K
}
Event: 17.362 GC heap before
{Heap before GC invocations=80 (full 3):
 PSYoungGen      total 7680K, used 7616K [0x00000000d5580000, 0x00000000d6280000, 0x0000000100000000)
  eden space 7168K, 100% used [0x00000000d5580000,0x00000000d5c80000,0x00000000d5c80000)
  from space 512K, 87% used [0x00000000d6200000,0x00000000d6270020,0x00000000d6280000)
  to   space 512K, 0% used [0x00000000d6180000,0x00000000d6180000,0x00000000d6200000)
 ParOldGen       total 68608K, used 65392K [0x0000000080000000, 0x0000000084300000, 0x00000000d5580000)
  object space 68608K, 95% used [0x0000000080000000,0x0000000083fdc328,0x0000000084300000)
 Metaspace       used 69929K, committed 71360K, reserved 1114112K
  class space    used 8059K, committed 8640K, reserved 1048576K
}
Event: 17.364 GC heap after
{Heap after GC invocations=80 (full 3):
 PSYoungGen      total 7680K, used 240K [0x00000000d5580000, 0x00000000d6280000, 0x0000000100000000)
  eden space 7168K, 0% used [0x00000000d5580000,0x00000000d5580000,0x00000000d5c80000)
  from space 512K, 46% used [0x00000000d6180000,0x00000000d61bc010,0x00000000d6200000)
  to   space 512K, 0% used [0x00000000d6200000,0x00000000d6200000,0x00000000d6280000)
 ParOldGen       total 68608K, used 65647K [0x0000000080000000, 0x0000000084300000, 0x00000000d5580000)
  object space 68608K, 95% used [0x0000000080000000,0x000000008401bdb8,0x0000000084300000)
 Metaspace       used 69929K, committed 71360K, reserved 1114112K
  class space    used 8059K, committed 8640K, reserved 1048576K
}
Event: 17.463 GC heap before
{Heap before GC invocations=81 (full 3):
 PSYoungGen      total 7680K, used 7408K [0x00000000d5580000, 0x00000000d6280000, 0x0000000100000000)
  eden space 7168K, 100% used [0x00000000d5580000,0x00000000d5c80000,0x00000000d5c80000)
  from space 512K, 46% used [0x00000000d6180000,0x00000000d61bc010,0x00000000d6200000)
  to   space 512K, 0% used [0x00000000d6200000,0x00000000d6200000,0x00000000d6280000)
 ParOldGen       total 68608K, used 65647K [0x0000000080000000, 0x0000000084300000, 0x00000000d5580000)
  object space 68608K, 95% used [0x0000000080000000,0x000000008401bdb8,0x0000000084300000)
 Metaspace       used 69987K, committed 71424K, reserved 1114112K
  class space    used 8063K, committed 8640K, reserved 1048576K
}
Event: 17.465 GC heap after
{Heap after GC invocations=81 (full 3):
 PSYoungGen      total 7680K, used 256K [0x00000000d5580000, 0x00000000d6280000, 0x0000000100000000)
  eden space 7168K, 0% used [0x00000000d5580000,0x00000000d5580000,0x00000000d5c80000)
  from space 512K, 50% used [0x00000000d6200000,0x00000000d6240000,0x00000000d6280000)
  to   space 512K, 0% used [0x00000000d6180000,0x00000000d6180000,0x00000000d6200000)
 ParOldGen       total 68608K, used 65774K [0x0000000080000000, 0x0000000084300000, 0x00000000d5580000)
  object space 68608K, 95% used [0x0000000080000000,0x000000008403b808,0x0000000084300000)
 Metaspace       used 69987K, committed 71424K, reserved 1114112K
  class space    used 8063K, committed 8640K, reserved 1048576K
}
Event: 17.537 GC heap before
{Heap before GC invocations=82 (full 3):
 PSYoungGen      total 7680K, used 7424K [0x00000000d5580000, 0x00000000d6280000, 0x0000000100000000)
  eden space 7168K, 100% used [0x00000000d5580000,0x00000000d5c80000,0x00000000d5c80000)
  from space 512K, 50% used [0x00000000d6200000,0x00000000d6240000,0x00000000d6280000)
  to   space 512K, 0% used [0x00000000d6180000,0x00000000d6180000,0x00000000d6200000)
 ParOldGen       total 68608K, used 65774K [0x0000000080000000, 0x0000000084300000, 0x00000000d5580000)
  object space 68608K, 95% used [0x0000000080000000,0x000000008403b808,0x0000000084300000)
 Metaspace       used 70032K, committed 71424K, reserved 1114112K
  class space    used 8065K, committed 8640K, reserved 1048576K
}
Event: 17.540 GC heap after
{Heap after GC invocations=82 (full 3):
 PSYoungGen      total 7680K, used 416K [0x00000000d5580000, 0x00000000d6280000, 0x0000000100000000)
  eden space 7168K, 0% used [0x00000000d5580000,0x00000000d5580000,0x00000000d5c80000)
  from space 512K, 81% used [0x00000000d6180000,0x00000000d61e8020,0x00000000d6200000)
  to   space 512K, 0% used [0x00000000d6200000,0x00000000d6200000,0x00000000d6280000)
 ParOldGen       total 68608K, used 65830K [0x0000000080000000, 0x0000000084300000, 0x00000000d5580000)
  object space 68608K, 95% used [0x0000000080000000,0x0000000084049808,0x0000000084300000)
 Metaspace       used 70032K, committed 71424K, reserved 1114112K
  class space    used 8065K, committed 8640K, reserved 1048576K
}
Event: 17.603 GC heap before
{Heap before GC invocations=83 (full 3):
 PSYoungGen      total 7680K, used 7583K [0x00000000d5580000, 0x00000000d6280000, 0x0000000100000000)
  eden space 7168K, 99% used [0x00000000d5580000,0x00000000d5c7ffb8,0x00000000d5c80000)
  from space 512K, 81% used [0x00000000d6180000,0x00000000d61e8020,0x00000000d6200000)
  to   space 512K, 0% used [0x00000000d6200000,0x00000000d6200000,0x00000000d6280000)
 ParOldGen       total 68608K, used 65830K [0x0000000080000000, 0x0000000084300000, 0x00000000d5580000)
  object space 68608K, 95% used [0x0000000080000000,0x0000000084049808,0x0000000084300000)
 Metaspace       used 70127K, committed 71488K, reserved 1114112K
  class space    used 8076K, committed 8640K, reserved 1048576K
}
Event: 17.606 GC heap after
{Heap after GC invocations=83 (full 3):
 PSYoungGen      total 7680K, used 507K [0x00000000d5580000, 0x00000000d6280000, 0x0000000100000000)
  eden space 7168K, 0% used [0x00000000d5580000,0x00000000d5580000,0x00000000d5c80000)
  from space 512K, 99% used [0x00000000d6200000,0x00000000d627efb8,0x00000000d6280000)
  to   space 3072K, 0% used [0x00000000d5c80000,0x00000000d5c80000,0x00000000d5f80000)
 ParOldGen       total 68608K, used 67596K [0x0000000080000000, 0x0000000084300000, 0x00000000d5580000)
  object space 68608K, 98% used [0x0000000080000000,0x00000000842032c0,0x0000000084300000)
 Metaspace       used 70127K, committed 71488K, reserved 1114112K
  class space    used 8076K, committed 8640K, reserved 1048576K
}
Event: 17.644 GC heap before
{Heap before GC invocations=84 (full 3):
 PSYoungGen      total 7680K, used 7675K [0x00000000d5580000, 0x00000000d6280000, 0x0000000100000000)
  eden space 7168K, 100% used [0x00000000d5580000,0x00000000d5c80000,0x00000000d5c80000)
  from space 512K, 99% used [0x00000000d6200000,0x00000000d627efb8,0x00000000d6280000)
  to   space 3072K, 0% used [0x00000000d5c80000,0x00000000d5c80000,0x00000000d5f80000)
 ParOldGen       total 68608K, used 67596K [0x0000000080000000, 0x0000000084300000, 0x00000000d5580000)
  object space 68608K, 98% used [0x0000000080000000,0x00000000842032c0,0x0000000084300000)
 Metaspace       used 70127K, committed 71488K, reserved 1114112K
  class space    used 8076K, committed 8640K, reserved 1048576K
}
Event: 17.647 GC heap after
{Heap after GC invocations=84 (full 3):
 PSYoungGen      total 10240K, used 3044K [0x00000000d5580000, 0x00000000d6580000, 0x0000000100000000)
  eden space 7168K, 0% used [0x00000000d5580000,0x00000000d5580000,0x00000000d5c80000)
  from space 3072K, 99% used [0x00000000d5c80000,0x00000000d5f79360,0x00000000d5f80000)
  to   space 4608K, 0% used [0x00000000d6100000,0x00000000d6100000,0x00000000d6580000)
 ParOldGen       total 69120K, used 68672K [0x0000000080000000, 0x0000000084380000, 0x00000000d5580000)
  object space 69120K, 99% used [0x0000000080000000,0x0000000084310308,0x0000000084380000)
 Metaspace       used 70127K, committed 71488K, reserved 1114112K
  class space    used 8076K, committed 8640K, reserved 1048576K
}
Event: 17.695 GC heap before
{Heap before GC invocations=85 (full 3):
 PSYoungGen      total 10240K, used 10212K [0x00000000d5580000, 0x00000000d6580000, 0x0000000100000000)
  eden space 7168K, 100% used [0x00000000d5580000,0x00000000d5c80000,0x00000000d5c80000)
  from space 3072K, 99% used [0x00000000d5c80000,0x00000000d5f79360,0x00000000d5f80000)
  to   space 4608K, 0% used [0x00000000d6100000,0x00000000d6100000,0x00000000d6580000)
 ParOldGen       total 69120K, used 68672K [0x0000000080000000, 0x0000000084380000, 0x00000000d5580000)
  object space 69120K, 99% used [0x0000000080000000,0x0000000084310308,0x0000000084380000)
 Metaspace       used 70151K, committed 71552K, reserved 1114112K
  class space    used 8076K, committed 8640K, reserved 1048576K
}
Event: 17.700 GC heap after
{Heap after GC invocations=85 (full 3):
 PSYoungGen      total 11264K, used 3648K [0x00000000d5580000, 0x00000000d6500000, 0x0000000100000000)
  eden space 7168K, 0% used [0x00000000d5580000,0x00000000d5580000,0x00000000d5c80000)
  from space 4096K, 89% used [0x00000000d6100000,0x00000000d6490000,0x00000000d6500000)
  to   space 4096K, 0% used [0x00000000d5d00000,0x00000000d5d00000,0x00000000d6100000)
 ParOldGen       total 72192K, used 71730K [0x0000000080000000, 0x0000000084680000, 0x00000000d5580000)
  object space 72192K, 99% used [0x0000000080000000,0x000000008460c928,0x0000000084680000)
 Metaspace       used 70151K, committed 71552K, reserved 1114112K
  class space    used 8076K, committed 8640K, reserved 1048576K
}
Event: 17.745 GC heap before
{Heap before GC invocations=86 (full 3):
 PSYoungGen      total 11264K, used 10816K [0x00000000d5580000, 0x00000000d6500000, 0x0000000100000000)
  eden space 7168K, 100% used [0x00000000d5580000,0x00000000d5c80000,0x00000000d5c80000)
  from space 4096K, 89% used [0x00000000d6100000,0x00000000d6490000,0x00000000d6500000)
  to   space 4096K, 0% used [0x00000000d5d00000,0x00000000d5d00000,0x00000000d6100000)
 ParOldGen       total 72192K, used 71730K [0x0000000080000000, 0x0000000084680000, 0x00000000d5580000)
  object space 72192K, 99% used [0x0000000080000000,0x000000008460c928,0x0000000084680000)
 Metaspace       used 70162K, committed 71552K, reserved 1114112K
  class space    used 8076K, committed 8640K, reserved 1048576K
}
Event: 18.747 GC heap after
{Heap after GC invocations=86 (full 3):
 PSYoungGen      total 11776K, used 4000K [0x00000000d5580000, 0x00000000d6600000, 0x0000000100000000)
  eden space 7680K, 0% used [0x00000000d5580000,0x00000000d5580000,0x00000000d5d00000)
  from space 4096K, 97% used [0x00000000d5d00000,0x00000000d60e8290,0x00000000d6100000)
  to   space 4096K, 0% used [0x00000000d6200000,0x00000000d6200000,0x00000000d6600000)
 ParOldGen       total 75264K, used 75259K [0x0000000080000000, 0x0000000084980000, 0x00000000d5580000)
  object space 75264K, 99% used [0x0000000080000000,0x000000008497ed48,0x0000000084980000)
 Metaspace       used 70162K, committed 71552K, reserved 1114112K
  class space    used 8076K, committed 8640K, reserved 1048576K
}
Event: 18.780 GC heap before
{Heap before GC invocations=87 (full 3):
 PSYoungGen      total 11776K, used 11680K [0x00000000d5580000, 0x00000000d6600000, 0x0000000100000000)
  eden space 7680K, 100% used [0x00000000d5580000,0x00000000d5d00000,0x00000000d5d00000)
  from space 4096K, 97% used [0x00000000d5d00000,0x00000000d60e8290,0x00000000d6100000)
  to   space 4096K, 0% used [0x00000000d6200000,0x00000000d6200000,0x00000000d6600000)
 ParOldGen       total 75264K, used 75259K [0x0000000080000000, 0x0000000084980000, 0x00000000d5580000)
  object space 75264K, 99% used [0x0000000080000000,0x000000008497ed48,0x0000000084980000)
 Metaspace       used 70164K, committed 71552K, reserved 1114112K
  class space    used 8076K, committed 8640K, reserved 1048576K
}

