# JRE version: OpenJDK Runtime Environment Temurin-21.0.8+9 (21.0.8+9) (build 21.0.8+9-LTS)
# Java VM: OpenJDK 64-Bit Server VM Temurin-21.0.8+9 (21.0.8+9-LTS, mixed mode, sharing, tiered, compressed oops, compressed class ptrs, parallel gc, windows-amd64)
GC Precious Log:
 CardTable entry size: 512
 CPUs: 8 total, 8 available
 Memory: 7834M
 Large Page Support: Disabled
 NUMA Support: Disabled
 Compressed Oops: Enabled (32-bit)
 Alignments: Space 512K, Generation 512K, Heap 2M
 Heap Min Capacity: 100M
 Heap Initial Capacity: 100M
 Heap Max Capacity: 2G
 Pre-touch: Disabled
 Parallel Workers: 8
Heap:
 PSYoungGen      total 9728K, used 6819K [0x00000000d5580000, 0x00000000d6380000, 0x0000000100000000)
  eden space 5120K, 51% used [0x00000000d5580000,0x00000000d5818c60,0x00000000d5a80000)
  from space 4608K, 90% used [0x00000000d5f00000,0x00000000d6310000,0x00000000d6380000)
  to   space 4608K, 0% used [0x00000000d5a80000,0x00000000d5a80000,0x00000000d5f00000)
 ParOldGen       total 143872K, used 122557K [0x0000000080000000, 0x0000000088c80000, 0x00000000d5580000)
  object space 143872K, 85% used [0x0000000080000000,0x00000000877af718,0x0000000088c80000)
 Metaspace       used 66747K, committed 68160K, reserved 1114112K
  class space    used 7643K, committed 8256K, reserved 1048576K
GC Heap History (20 events):
Event: 16.793 GC heap after
{Heap after GC invocations=132 (full 3):
 PSYoungGen      total 1024K, used 0K [0x00000000d5580000, 0x00000000d6680000, 0x0000000100000000)
  eden space 512K, 0% used [0x00000000d5580000,0x00000000d5580000,0x00000000d5600000)
  from space 512K, 0% used [0x00000000d5600000,0x00000000d5600000,0x00000000d5680000)
  to   space 5632K, 0% used [0x00000000d6100000,0x00000000d6100000,0x00000000d6680000)
 ParOldGen       total 127488K, used 127272K [0x0000000080000000, 0x0000000087c80000, 0x00000000d5580000)
  object space 127488K, 99% used [0x0000000080000000,0x0000000087c4a110,0x0000000087c80000)
 Metaspace       used 66030K, committed 67456K, reserved 1114112K
  class space    used 7568K, committed 8192K, reserved 1048576K
}
Event: 16.793 GC heap before
{Heap before GC invocations=133 (full 4):
 PSYoungGen      total 1024K, used 0K [0x00000000d5580000, 0x00000000d6680000, 0x0000000100000000)
  eden space 512K, 0% used [0x00000000d5580000,0x00000000d5580000,0x00000000d5600000)
  from space 512K, 0% used [0x00000000d5600000,0x00000000d5600000,0x00000000d5680000)
  to   space 5632K, 0% used [0x00000000d6100000,0x00000000d6100000,0x00000000d6680000)
 ParOldGen       total 127488K, used 127272K [0x0000000080000000, 0x0000000087c80000, 0x00000000d5580000)
  object space 127488K, 99% used [0x0000000080000000,0x0000000087c4a110,0x0000000087c80000)
 Metaspace       used 66030K, committed 67456K, reserved 1114112K
  class space    used 7568K, committed 8192K, reserved 1048576K
}
Event: 16.921 GC heap after
{Heap after GC invocations=133 (full 4):
 PSYoungGen      total 1536K, used 0K [0x00000000d5580000, 0x00000000d6180000, 0x0000000100000000)
  eden space 1024K, 0% used [0x00000000d5580000,0x00000000d5580000,0x00000000d5680000)
  from space 512K, 0% used [0x00000000d6100000,0x00000000d6100000,0x00000000d6180000)
  to   space 5632K, 0% used [0x00000000d5680000,0x00000000d5680000,0x00000000d5c00000)
 ParOldGen       total 143872K, used 108916K [0x0000000080000000, 0x0000000088c80000, 0x00000000d5580000)
  object space 143872K, 75% used [0x0000000080000000,0x0000000086a5d0b0,0x0000000088c80000)
 Metaspace       used 66030K, committed 67456K, reserved 1114112K
  class space    used 7568K, committed 8192K, reserved 1048576K
}
Event: 16.927 GC heap before
{Heap before GC invocations=134 (full 4):
 PSYoungGen      total 1536K, used 1024K [0x00000000d5580000, 0x00000000d6180000, 0x0000000100000000)
  eden space 1024K, 100% used [0x00000000d5580000,0x00000000d5680000,0x00000000d5680000)
  from space 512K, 0% used [0x00000000d6100000,0x00000000d6100000,0x00000000d6180000)
  to   space 5632K, 0% used [0x00000000d5680000,0x00000000d5680000,0x00000000d5c00000)
 ParOldGen       total 143872K, used 108916K [0x0000000080000000, 0x0000000088c80000, 0x00000000d5580000)
  object space 143872K, 75% used [0x0000000080000000,0x0000000086a5d0b0,0x0000000088c80000)
 Metaspace       used 66032K, committed 67456K, reserved 1114112K
  class space    used 7568K, committed 8192K, reserved 1048576K
}
Event: 16.929 GC heap after
{Heap after GC invocations=134 (full 4):
 PSYoungGen      total 6656K, used 1085K [0x00000000d5580000, 0x00000000d6180000, 0x0000000100000000)
  eden space 1024K, 0% used [0x00000000d5580000,0x00000000d5580000,0x00000000d5680000)
  from space 5632K, 19% used [0x00000000d5680000,0x00000000d578f400,0x00000000d5c00000)
  to   space 2048K, 0% used [0x00000000d5f80000,0x00000000d5f80000,0x00000000d6180000)
 ParOldGen       total 143872K, used 108916K [0x0000000080000000, 0x0000000088c80000, 0x00000000d5580000)
  object space 143872K, 75% used [0x0000000080000000,0x0000000086a5d0b0,0x0000000088c80000)
 Metaspace       used 66032K, committed 67456K, reserved 1114112K
  class space    used 7568K, committed 8192K, reserved 1048576K
}
Event: 16.935 GC heap before
{Heap before GC invocations=135 (full 4):
 PSYoungGen      total 6656K, used 2109K [0x00000000d5580000, 0x00000000d6180000, 0x0000000100000000)
  eden space 1024K, 100% used [0x00000000d5580000,0x00000000d5680000,0x00000000d5680000)
  from space 5632K, 19% used [0x00000000d5680000,0x00000000d578f400,0x00000000d5c00000)
  to   space 2048K, 0% used [0x00000000d5f80000,0x00000000d5f80000,0x00000000d6180000)
 ParOldGen       total 143872K, used 108916K [0x0000000080000000, 0x0000000088c80000, 0x00000000d5580000)
  object space 143872K, 75% used [0x0000000080000000,0x0000000086a5d0b0,0x0000000088c80000)
 Metaspace       used 66032K, committed 67456K, reserved 1114112K
  class space    used 7568K, committed 8192K, reserved 1048576K
}
Event: 16.937 GC heap after
{Heap after GC invocations=135 (full 4):
 PSYoungGen      total 2048K, used 448K [0x00000000d5580000, 0x00000000d6000000, 0x0000000100000000)
  eden space 1536K, 0% used [0x00000000d5580000,0x00000000d5580000,0x00000000d5700000)
  from space 512K, 87% used [0x00000000d5f80000,0x00000000d5ff0000,0x00000000d6000000)
  to   space 1024K, 0% used [0x00000000d5e00000,0x00000000d5e00000,0x00000000d5f00000)
 ParOldGen       total 143872K, used 109841K [0x0000000080000000, 0x0000000088c80000, 0x00000000d5580000)
  object space 143872K, 76% used [0x0000000080000000,0x0000000086b444b0,0x0000000088c80000)
 Metaspace       used 66032K, committed 67456K, reserved 1114112K
  class space    used 7568K, committed 8192K, reserved 1048576K
}
Event: 16.946 GC heap before
{Heap before GC invocations=136 (full 4):
 PSYoungGen      total 2048K, used 1984K [0x00000000d5580000, 0x00000000d6000000, 0x0000000100000000)
  eden space 1536K, 100% used [0x00000000d5580000,0x00000000d5700000,0x00000000d5700000)
  from space 512K, 87% used [0x00000000d5f80000,0x00000000d5ff0000,0x00000000d6000000)
  to   space 1024K, 0% used [0x00000000d5e00000,0x00000000d5e00000,0x00000000d5f00000)
 ParOldGen       total 143872K, used 109841K [0x0000000080000000, 0x0000000088c80000, 0x00000000d5580000)
  object space 143872K, 76% used [0x0000000080000000,0x0000000086b444b0,0x0000000088c80000)
 Metaspace       used 66032K, committed 67456K, reserved 1114112K
  class space    used 7568K, committed 8192K, reserved 1048576K
}
Event: 16.949 GC heap after
{Heap after GC invocations=136 (full 4):
 PSYoungGen      total 3072K, used 1024K [0x00000000d5580000, 0x00000000d6000000, 0x0000000100000000)
  eden space 2048K, 0% used [0x00000000d5580000,0x00000000d5580000,0x00000000d5780000)
  from space 1024K, 100% used [0x00000000d5e00000,0x00000000d5f00000,0x00000000d5f00000)
  to   space 1024K, 0% used [0x00000000d5f00000,0x00000000d5f00000,0x00000000d6000000)
 ParOldGen       total 143872K, used 110369K [0x0000000080000000, 0x0000000088c80000, 0x00000000d5580000)
  object space 143872K, 76% used [0x0000000080000000,0x0000000086bc84b0,0x0000000088c80000)
 Metaspace       used 66032K, committed 67456K, reserved 1114112K
  class space    used 7568K, committed 8192K, reserved 1048576K
}
Event: 16.965 GC heap before
{Heap before GC invocations=137 (full 4):
 PSYoungGen      total 3072K, used 3072K [0x00000000d5580000, 0x00000000d6000000, 0x0000000100000000)
  eden space 2048K, 100% used [0x00000000d5580000,0x00000000d5780000,0x00000000d5780000)
  from space 1024K, 100% used [0x00000000d5e00000,0x00000000d5f00000,0x00000000d5f00000)
  to   space 1024K, 0% used [0x00000000d5f00000,0x00000000d5f00000,0x00000000d6000000)
 ParOldGen       total 143872K, used 110369K [0x0000000080000000, 0x0000000088c80000, 0x00000000d5580000)
  object space 143872K, 76% used [0x0000000080000000,0x0000000086bc84b0,0x0000000088c80000)
 Metaspace       used 66055K, committed 67520K, reserved 1114112K
  class space    used 7572K, committed 8192K, reserved 1048576K
}
Event: 16.970 GC heap after
{Heap after GC invocations=137 (full 4):
 PSYoungGen      total 3584K, used 1024K [0x00000000d5580000, 0x00000000d6000000, 0x0000000100000000)
  eden space 2560K, 0% used [0x00000000d5580000,0x00000000d5580000,0x00000000d5800000)
  from space 1024K, 100% used [0x00000000d5f00000,0x00000000d6000000,0x00000000d6000000)
  to   space 3072K, 0% used [0x00000000d5a00000,0x00000000d5a00000,0x00000000d5d00000)
 ParOldGen       total 143872K, used 112041K [0x0000000080000000, 0x0000000088c80000, 0x00000000d5580000)
  object space 143872K, 77% used [0x0000000080000000,0x0000000086d6a4b0,0x0000000088c80000)
 Metaspace       used 66055K, committed 67520K, reserved 1114112K
  class space    used 7572K, committed 8192K, reserved 1048576K
}
Event: 16.983 GC heap before
{Heap before GC invocations=138 (full 4):
 PSYoungGen      total 3584K, used 3584K [0x00000000d5580000, 0x00000000d6000000, 0x0000000100000000)
  eden space 2560K, 100% used [0x00000000d5580000,0x00000000d5800000,0x00000000d5800000)
  from space 1024K, 100% used [0x00000000d5f00000,0x00000000d6000000,0x00000000d6000000)
  to   space 3072K, 0% used [0x00000000d5a00000,0x00000000d5a00000,0x00000000d5d00000)
 ParOldGen       total 143872K, used 113763K [0x0000000080000000, 0x0000000088c80000, 0x00000000d5580000)
  object space 143872K, 79% used [0x0000000080000000,0x0000000086f18cb0,0x0000000088c80000)
 Metaspace       used 66098K, committed 67520K, reserved 1114112K
  class space    used 7579K, committed 8192K, reserved 1048576K
}
Event: 16.987 GC heap after
{Heap after GC invocations=138 (full 4):
 PSYoungGen      total 6144K, used 2202K [0x00000000d5580000, 0x00000000d5f80000, 0x0000000100000000)
  eden space 3072K, 0% used [0x00000000d5580000,0x00000000d5580000,0x00000000d5880000)
  from space 3072K, 71% used [0x00000000d5a00000,0x00000000d5c26800,0x00000000d5d00000)
  to   space 2560K, 0% used [0x00000000d5d00000,0x00000000d5d00000,0x00000000d5f80000)
 ParOldGen       total 143872K, used 114790K [0x0000000080000000, 0x0000000088c80000, 0x00000000d5580000)
  object space 143872K, 79% used [0x0000000080000000,0x0000000087019bf8,0x0000000088c80000)
 Metaspace       used 66098K, committed 67520K, reserved 1114112K
  class space    used 7579K, committed 8192K, reserved 1048576K
}
Event: 17.013 GC heap before
{Heap before GC invocations=139 (full 4):
 PSYoungGen      total 6144K, used 5274K [0x00000000d5580000, 0x00000000d5f80000, 0x0000000100000000)
  eden space 3072K, 100% used [0x00000000d5580000,0x00000000d5880000,0x00000000d5880000)
  from space 3072K, 71% used [0x00000000d5a00000,0x00000000d5c26800,0x00000000d5d00000)
  to   space 2560K, 0% used [0x00000000d5d00000,0x00000000d5d00000,0x00000000d5f80000)
 ParOldGen       total 143872K, used 114790K [0x0000000080000000, 0x0000000088c80000, 0x00000000d5580000)
  object space 143872K, 79% used [0x0000000080000000,0x0000000087019bf8,0x0000000088c80000)
 Metaspace       used 66137K, committed 67584K, reserved 1114112K
  class space    used 7585K, committed 8192K, reserved 1048576K
}
Event: 17.016 GC heap after
{Heap after GC invocations=139 (full 4):
 PSYoungGen      total 5120K, used 1024K [0x00000000d5580000, 0x00000000d5e00000, 0x0000000100000000)
  eden space 4096K, 0% used [0x00000000d5580000,0x00000000d5580000,0x00000000d5980000)
  from space 1024K, 100% used [0x00000000d5d00000,0x00000000d5e00000,0x00000000d5e00000)
  to   space 1536K, 0% used [0x00000000d5b00000,0x00000000d5b00000,0x00000000d5c80000)
 ParOldGen       total 143872K, used 116848K [0x0000000080000000, 0x0000000088c80000, 0x00000000d5580000)
  object space 143872K, 81% used [0x0000000080000000,0x000000008721c3f8,0x0000000088c80000)
 Metaspace       used 66137K, committed 67584K, reserved 1114112K
  class space    used 7585K, committed 8192K, reserved 1048576K
}
Event: 17.097 GC heap before
{Heap before GC invocations=140 (full 4):
 PSYoungGen      total 5120K, used 5120K [0x00000000d5580000, 0x00000000d5e00000, 0x0000000100000000)
  eden space 4096K, 100% used [0x00000000d5580000,0x00000000d5980000,0x00000000d5980000)
  from space 1024K, 100% used [0x00000000d5d00000,0x00000000d5e00000,0x00000000d5e00000)
  to   space 1536K, 0% used [0x00000000d5b00000,0x00000000d5b00000,0x00000000d5c80000)
 ParOldGen       total 143872K, used 116848K [0x0000000080000000, 0x0000000088c80000, 0x00000000d5580000)
  object space 143872K, 81% used [0x0000000080000000,0x000000008721c3f8,0x0000000088c80000)
 Metaspace       used 66484K, committed 67968K, reserved 1114112K
  class space    used 7614K, committed 8192K, reserved 1048576K
}
Event: 17.100 GC heap after
{Heap after GC invocations=140 (full 4):
 PSYoungGen      total 5632K, used 761K [0x00000000d5580000, 0x00000000d5d80000, 0x0000000100000000)
  eden space 4096K, 0% used [0x00000000d5580000,0x00000000d5580000,0x00000000d5980000)
  from space 1536K, 49% used [0x00000000d5b00000,0x00000000d5bbe490,0x00000000d5c80000)
  to   space 1024K, 0% used [0x00000000d5c80000,0x00000000d5c80000,0x00000000d5d80000)
 ParOldGen       total 143872K, used 117768K [0x0000000080000000, 0x0000000088c80000, 0x00000000d5580000)
  object space 143872K, 81% used [0x0000000080000000,0x00000000873023f8,0x0000000088c80000)
 Metaspace       used 66484K, committed 67968K, reserved 1114112K
  class space    used 7614K, committed 8192K, reserved 1048576K
}
Event: 17.217 GC heap before
{Heap before GC invocations=141 (full 4):
 PSYoungGen      total 5632K, used 4857K [0x00000000d5580000, 0x00000000d5d80000, 0x0000000100000000)
  eden space 4096K, 99% used [0x00000000d5580000,0x00000000d597fff0,0x00000000d5980000)
  from space 1536K, 49% used [0x00000000d5b00000,0x00000000d5bbe490,0x00000000d5c80000)
  to   space 1024K, 0% used [0x00000000d5c80000,0x00000000d5c80000,0x00000000d5d80000)
 ParOldGen       total 143872K, used 117768K [0x0000000080000000, 0x0000000088c80000, 0x00000000d5580000)
  object space 143872K, 81% used [0x0000000080000000,0x00000000873023f8,0x0000000088c80000)
 Metaspace       used 66660K, committed 68096K, reserved 1114112K
  class space    used 7638K, committed 8256K, reserved 1048576K
}
Event: 17.221 GC heap after
{Heap after GC invocations=141 (full 4):
 PSYoungGen      total 5120K, used 1024K [0x00000000d5580000, 0x00000000d5d80000, 0x0000000100000000)
  eden space 4096K, 0% used [0x00000000d5580000,0x00000000d5580000,0x00000000d5980000)
  from space 1024K, 100% used [0x00000000d5c80000,0x00000000d5d80000,0x00000000d5d80000)
  to   space 2048K, 0% used [0x00000000d5980000,0x00000000d5980000,0x00000000d5b80000)
 ParOldGen       total 143872K, used 118581K [0x0000000080000000, 0x0000000088c80000, 0x00000000d5580000)
  object space 143872K, 82% used [0x0000000080000000,0x00000000873cd480,0x0000000088c80000)
 Metaspace       used 66660K, committed 68096K, reserved 1114112K
  class space    used 7638K, committed 8256K, reserved 1048576K
}
Event: 17.399 GC heap before
{Heap before GC invocations=142 (full 4):
 PSYoungGen      total 5120K, used 5120K [0x00000000d5580000, 0x00000000d5d80000, 0x0000000100000000)
  eden space 4096K, 100% used [0x00000000d5580000,0x00000000d5980000,0x00000000d5980000)
  from space 1024K, 100% used [0x00000000d5c80000,0x00000000d5d80000,0x00000000d5d80000)
  to   space 2048K, 0% used [0x00000000d5980000,0x00000000d5980000,0x00000000d5b80000)
 ParOldGen       total 143872K, used 118581K [0x0000000080000000, 0x0000000088c80000, 0x00000000d5580000)
  object space 143872K, 82% used [0x0000000080000000,0x00000000873cd480,0x0000000088c80000)
 Metaspace       used 66747K, committed 68160K, reserved 1114112K
  class space    used 7643K, committed 8256K, reserved 1048576K
}

